Nov 21 19:02 : exception: Failed to create Avahi client: Daemon not running
Nov 21 19:02 : exception: Failed to open '/home/mohamed/.mpd/mpdstate': No such file or directory
Nov 21 19:02 : update: added /112.mp3
Nov 21 19:02 : update: added /002.mp3
Nov 21 19:03 : exception: Failed to create Avahi client: Daemon not running
Nov 21 19:04 : exception: Failed to create Avahi client: Daemon not running
Nov 21 19:05 : exception: Failed to create Avahi client: Daemon not running
Nov 21 19:06 : exception: Failed to create Avahi client: Daemon not running
Nov 21 19:07 : exception: Failed to create Avahi client: Daemon not running
Nov 21 19:08 : exception: Failed to create Avahi client: Daemon not running
Nov 21 19:09 : exception: Failed to create Avahi client: Daemon not running
Nov 21 19:10 : exception: Failed to open audio output
Nov 21 19:10 : exception: Failed to create Avahi client: Daemon not running
Nov 21 19:11 : player: played "112.mp3"
Nov 21 19:11 : exception: Failed to create Avahi client: Daemon not running
Nov 21 19:12 : exception: Failed to create Avahi client: Daemon not running
Nov 21 19:13 : exception: Failed to create Avahi client: Daemon not running
Nov 21 19:14 : player: played "002.mp3"
Nov 21 19:14 : exception: Not playing
Nov 21 19:14 : exception: Not playing
Nov 21 19:14 : exception: Not playing
Nov 21 19:14 : player: played "002.mp3"
Nov 21 19:14 : exception: Not playing
Nov 21 19:14 : exception: Not playing
Nov 21 19:14 : exception: Not playing
Nov 21 19:14 : exception: Not playing
Nov 21 19:14 : exception: Not playing
Nov 21 19:14 : exception: Not playing
Nov 21 19:14 : player: played "002.mp3"
Nov 21 19:14 : exception: Not playing
Nov 21 19:14 : exception: Not playing
Nov 21 19:14 : exception: Not playing
Nov 21 19:14 : exception: Failed to create Avahi client: Daemon not running
Nov 21 19:15 : player: played "002.mp3"
Nov 21 19:15 : exception: Not playing
Nov 21 19:15 : exception: Not playing
Nov 21 19:15 : exception: Not playing
Nov 21 19:15 : exception: Not playing
Nov 21 19:15 : exception: Not playing
Nov 21 19:15 : exception: Not playing
Nov 21 19:15 : exception: Not playing
Nov 21 19:16 : exception: Failed to create Avahi client: Daemon not running
Nov 21 19:16 : player: played "002.mp3"
Nov 21 19:16 : player: played "002.mp3"
Nov 21 19:17 : exception: Failed to create Avahi client: Daemon not running
Nov 21 19:17 : player: played "002.mp3"
Nov 21 19:18 : exception: Failed to create Avahi client: Daemon not running
Nov 21 19:18 : player: played "002.mp3"
Nov 21 19:19 : exception: Failed to create Avahi client: Daemon not running
Nov 21 19:20 : exception: Failed to create Avahi client: Daemon not running
Nov 21 19:21 : exception: Failed to create Avahi client: Daemon not running
Nov 21 19:22 : exception: Failed to create Avahi client: Daemon not running
Nov 21 19:22 : player: played "112.mp3"
Nov 21 19:23 : exception: Failed to create Avahi client: Daemon not running
Nov 21 19:24 : exception: Failed to create Avahi client: Daemon not running
Nov 21 19:25 : exception: Failed to create Avahi client: Daemon not running
Nov 21 19:25 : player: played "002.mp3"
Nov 21 19:25 : exception: Failed to decode /home/mohamed/audio/002.mp3; Failed to open '/home/mohamed/audio/002.mp3': No such file or directory
Nov 21 19:25 : exception: Failed to decode /home/mohamed/audio/112.mp3; Failed to open '/home/mohamed/audio/112.mp3': No such file or directory
Nov 21 19:25 : player: played "002.mp3"
Nov 21 19:25 : exception: Failed to decode /home/mohamed/audio/112.mp3; Failed to open '/home/mohamed/audio/112.mp3': No such file or directory
Nov 21 19:25 : player: played "112.mp3"
Nov 21 19:26 : exception: Failed to create Avahi client: Daemon not running
Nov 21 19:27 : exception: Failed to create Avahi client: Daemon not running
Nov 21 19:28 : exception: Failed to create Avahi client: Daemon not running
Nov 21 19:29 : exception: Failed to create Avahi client: Daemon not running
Nov 21 19:30 : exception: Failed to create Avahi client: Daemon not running
Nov 21 19:31 : exception: Failed to create Avahi client: Daemon not running
Nov 21 19:31 : exception: Failed to decode /home/mohamed/audio/002.mp3; Failed to open '/home/mohamed/audio/002.mp3': No such file or directory
Nov 21 19:31 : exception: Failed to decode /home/mohamed/audio/112.mp3; Failed to open '/home/mohamed/audio/112.mp3': No such file or directory
Nov 21 19:31 : player: played "002.mp3"
Nov 21 19:31 : exception: Failed to decode /home/mohamed/audio/112.mp3; Failed to open '/home/mohamed/audio/112.mp3': No such file or directory
Nov 21 19:31 : exception: Failed to decode /home/mohamed/audio/002.mp3; Failed to open '/home/mohamed/audio/002.mp3': No such file or directory
Nov 21 19:31 : player: played "112.mp3"
Nov 21 19:31 : exception: Failed to decode /home/mohamed/audio/002.mp3; Failed to open '/home/mohamed/audio/002.mp3': No such file or directory
Nov 21 19:31 : exception: Failed to decode /home/mohamed/audio/112.mp3; Failed to open '/home/mohamed/audio/112.mp3': No such file or directory
Nov 21 19:31 : player: played "002.mp3"
Nov 21 19:31 : exception: Failed to decode /home/mohamed/audio/112.mp3; Failed to open '/home/mohamed/audio/112.mp3': No such file or directory
Nov 21 19:31 : exception: Failed to decode /home/mohamed/audio/002.mp3; Failed to open '/home/mohamed/audio/002.mp3': No such file or directory
Nov 21 19:31 : player: played "112.mp3"
Nov 21 19:31 : exception: Failed to decode /home/mohamed/audio/002.mp3; Failed to open '/home/mohamed/audio/002.mp3': No such file or directory
Nov 21 19:31 : player: played "002.mp3"
Nov 21 19:31 : exception: Failed to decode /home/mohamed/audio/112.mp3; Failed to open '/home/mohamed/audio/112.mp3': No such file or directory
Nov 21 19:31 : player: played "112.mp3"
Nov 21 19:31 : exception: Failed to decode /home/mohamed/audio/002.mp3; Failed to open '/home/mohamed/audio/002.mp3': No such file or directory
Nov 21 19:31 : player: played "002.mp3"
Nov 21 19:31 : exception: Failed to decode /home/mohamed/audio/002.mp3; Failed to open '/home/mohamed/audio/002.mp3': No such file or directory
Nov 21 19:31 : exception: Failed to decode /home/mohamed/audio/112.mp3; Failed to open '/home/mohamed/audio/112.mp3': No such file or directory
Nov 21 19:31 : player: played "002.mp3"
Nov 21 19:31 : exception: Failed to decode /home/mohamed/audio/112.mp3; Failed to open '/home/mohamed/audio/112.mp3': No such file or directory
Nov 21 19:31 : player: played "112.mp3"
Nov 21 19:31 : exception: Failed to decode /home/mohamed/audio/002.mp3; Failed to open '/home/mohamed/audio/002.mp3': No such file or directory
Nov 21 19:31 : exception: Failed to decode /home/mohamed/audio/112.mp3; Failed to open '/home/mohamed/audio/112.mp3': No such file or directory
Nov 21 19:31 : player: played "002.mp3"
Nov 21 19:31 : exception: Failed to decode /home/mohamed/audio/112.mp3; Failed to open '/home/mohamed/audio/112.mp3': No such file or directory
Nov 21 19:31 : player: played "112.mp3"
Nov 21 19:31 : exception: Failed to decode /home/mohamed/audio/002.mp3; Failed to open '/home/mohamed/audio/002.mp3': No such file or directory
Nov 21 19:31 : exception: Failed to decode /home/mohamed/audio/112.mp3; Failed to open '/home/mohamed/audio/112.mp3': No such file or directory
Nov 21 19:31 : player: played "002.mp3"
Nov 21 19:31 : exception: Failed to decode /home/mohamed/audio/112.mp3; Failed to open '/home/mohamed/audio/112.mp3': No such file or directory
Nov 21 19:31 : exception: Failed to decode /home/mohamed/audio/002.mp3; Failed to open '/home/mohamed/audio/002.mp3': No such file or directory
Nov 21 19:31 : player: played "112.mp3"
Nov 21 19:31 : exception: Failed to decode /home/mohamed/audio/002.mp3; Failed to open '/home/mohamed/audio/002.mp3': No such file or directory
Nov 21 19:31 : player: played "002.mp3"
Nov 21 19:31 : exception: Failed to decode /home/mohamed/audio/112.mp3; Failed to open '/home/mohamed/audio/112.mp3': No such file or directory
Nov 21 19:31 : player: played "112.mp3"
Nov 21 19:31 : exception: Failed to decode /home/mohamed/audio/002.mp3; Failed to open '/home/mohamed/audio/002.mp3': No such file or directory
Nov 21 19:31 : exception: Failed to decode /home/mohamed/audio/112.mp3; Failed to open '/home/mohamed/audio/112.mp3': No such file or directory
Nov 21 19:31 : player: played "002.mp3"
Nov 21 19:31 : exception: Failed to decode /home/mohamed/audio/112.mp3; Failed to open '/home/mohamed/audio/112.mp3': No such file or directory
Nov 21 19:31 : player: played "112.mp3"
Nov 21 19:31 : exception: Failed to decode /home/mohamed/audio/002.mp3; Failed to open '/home/mohamed/audio/002.mp3': No such file or directory
Nov 21 19:31 : exception: Failed to decode /home/mohamed/audio/112.mp3; Failed to open '/home/mohamed/audio/112.mp3': No such file or directory
Nov 21 19:31 : player: played "002.mp3"
Nov 21 19:31 : exception: Failed to decode /home/mohamed/audio/112.mp3; Failed to open '/home/mohamed/audio/112.mp3': No such file or directory
Nov 21 19:31 : exception: Failed to decode /home/mohamed/audio/002.mp3; Failed to open '/home/mohamed/audio/002.mp3': No such file or directory
Nov 21 19:31 : player: played "112.mp3"
Nov 21 19:31 : exception: Failed to decode /home/mohamed/audio/002.mp3; Failed to open '/home/mohamed/audio/002.mp3': No such file or directory
Nov 21 19:31 : exception: Failed to decode /home/mohamed/audio/112.mp3; Failed to open '/home/mohamed/audio/112.mp3': No such file or directory
Nov 21 19:31 : player: played "002.mp3"
Nov 21 19:31 : exception: Failed to decode /home/mohamed/audio/112.mp3; Failed to open '/home/mohamed/audio/112.mp3': No such file or directory
Nov 21 19:31 : player: played "112.mp3"
Nov 21 19:31 : exception: Failed to decode /home/mohamed/audio/002.mp3; Failed to open '/home/mohamed/audio/002.mp3': No such file or directory
Nov 21 19:31 : player: played "002.mp3"
Nov 21 19:31 : exception: Failed to decode /home/mohamed/audio/112.mp3; Failed to open '/home/mohamed/audio/112.mp3': No such file or directory
Nov 21 19:31 : player: played "112.mp3"
Nov 21 19:31 : exception: Failed to decode /home/mohamed/audio/002.mp3; Failed to open '/home/mohamed/audio/002.mp3': No such file or directory
Nov 21 19:31 : exception: Failed to decode /home/mohamed/audio/112.mp3; Failed to open '/home/mohamed/audio/112.mp3': No such file or directory
Nov 21 19:31 : player: played "002.mp3"
Nov 21 19:31 : exception: Failed to decode /home/mohamed/audio/112.mp3; Failed to open '/home/mohamed/audio/112.mp3': No such file or directory
Nov 21 19:31 : player: played "112.mp3"
Nov 21 19:31 : exception: Failed to decode /home/mohamed/audio/002.mp3; Failed to open '/home/mohamed/audio/002.mp3': No such file or directory
Nov 21 19:31 : exception: Failed to decode /home/mohamed/audio/112.mp3; Failed to open '/home/mohamed/audio/112.mp3': No such file or directory
Nov 21 19:31 : player: played "002.mp3"
Nov 21 19:31 : exception: Failed to decode /home/mohamed/audio/112.mp3; Failed to open '/home/mohamed/audio/112.mp3': No such file or directory
Nov 21 19:31 : player: played "112.mp3"
Nov 21 19:31 : exception: Failed to decode /home/mohamed/audio/002.mp3; Failed to open '/home/mohamed/audio/002.mp3': No such file or directory
Nov 21 19:31 : exception: Failed to decode /home/mohamed/audio/112.mp3; Failed to open '/home/mohamed/audio/112.mp3': No such file or directory
Nov 21 19:31 : player: played "002.mp3"
Nov 21 19:31 : exception: Failed to decode /home/mohamed/audio/112.mp3; Failed to open '/home/mohamed/audio/112.mp3': No such file or directory
Nov 21 19:31 : player: played "112.mp3"
Nov 21 19:31 : exception: Failed to decode /home/mohamed/audio/002.mp3; Failed to open '/home/mohamed/audio/002.mp3': No such file or directory
Nov 21 19:31 : player: played "002.mp3"
Nov 21 19:31 : exception: Failed to decode /home/mohamed/audio/112.mp3; Failed to open '/home/mohamed/audio/112.mp3': No such file or directory
Nov 21 19:31 : player: played "112.mp3"
Nov 21 19:31 : exception: Failed to decode /home/mohamed/audio/002.mp3; Failed to open '/home/mohamed/audio/002.mp3': No such file or directory
Nov 21 19:31 : exception: Failed to decode /home/mohamed/audio/112.mp3; Failed to open '/home/mohamed/audio/112.mp3': No such file or directory
Nov 21 19:31 : player: played "002.mp3"
Nov 21 19:31 : exception: Failed to decode /home/mohamed/audio/112.mp3; Failed to open '/home/mohamed/audio/112.mp3': No such file or directory
Nov 21 19:31 : player: played "112.mp3"
Nov 21 19:31 : exception: Failed to decode /home/mohamed/audio/002.mp3; Failed to open '/home/mohamed/audio/002.mp3': No such file or directory
Nov 21 19:31 : player: played "002.mp3"
Nov 21 19:31 : exception: Failed to decode /home/mohamed/audio/112.mp3; Failed to open '/home/mohamed/audio/112.mp3': No such file or directory
Nov 21 19:31 : player: played "112.mp3"
Nov 21 19:31 : exception: Failed to decode /home/mohamed/audio/002.mp3; Failed to open '/home/mohamed/audio/002.mp3': No such file or directory
Nov 21 19:31 : player: played "002.mp3"
Nov 21 19:31 : exception: Failed to decode /home/mohamed/audio/112.mp3; Failed to open '/home/mohamed/audio/112.mp3': No such file or directory
Nov 21 19:31 : player: played "112.mp3"
Nov 21 19:31 : exception: Failed to decode /home/mohamed/audio/002.mp3; Failed to open '/home/mohamed/audio/002.mp3': No such file or directory
Nov 21 19:31 : exception: Failed to decode /home/mohamed/audio/112.mp3; Failed to open '/home/mohamed/audio/112.mp3': No such file or directory
Nov 21 19:31 : player: played "002.mp3"
Nov 21 19:31 : exception: Failed to decode /home/mohamed/audio/112.mp3; Failed to open '/home/mohamed/audio/112.mp3': No such file or directory
Nov 21 19:31 : player: played "112.mp3"
Nov 21 19:31 : update: removing 112.mp3
Nov 21 19:31 : update: removing 002.mp3
Nov 21 19:31 : update: added /bakara_dosary.mp3
Nov 21 19:31 : update: added /elnas_abdelbaset.mp3
Nov 21 19:32 : exception: Failed to create Avahi client: Daemon not running
Nov 21 19:33 : exception: Failed to create Avahi client: Daemon not running
Nov 21 19:34 : exception: Failed to create Avahi client: Daemon not running
Nov 21 19:35 : exception: Failed to create Avahi client: Daemon not running
Nov 21 19:36 : player: played "bakara_dosary.mp3"
Nov 21 19:36 : exception: Failed to create Avahi client: Daemon not running
Nov 21 19:37 : exception: Failed to create Avahi client: Daemon not running
Nov 21 19:38 : exception: Failed to create Avahi client: Daemon not running
Nov 21 19:39 : exception: Failed to create Avahi client: Daemon not running
Nov 21 19:40 : exception: Failed to create Avahi client: Daemon not running
Nov 21 19:41 : exception: Failed to create Avahi client: Daemon not running
Nov 21 19:42 : exception: Failed to create Avahi client: Daemon not running
Nov 21 19:43 : exception: Failed to create Avahi client: Daemon not running
Nov 21 19:44 : exception: Failed to create Avahi client: Daemon not running
Nov 21 19:45 : exception: Failed to create Avahi client: Daemon not running
Nov 21 19:46 : exception: Failed to create Avahi client: Daemon not running
Nov 21 19:47 : exception: Failed to create Avahi client: Daemon not running
Nov 21 19:48 : exception: Failed to create Avahi client: Daemon not running
Nov 21 19:49 : exception: Failed to create Avahi client: Daemon not running
Nov 21 19:50 : exception: Failed to create Avahi client: Daemon not running
Nov 21 19:51 : exception: Failed to create Avahi client: Daemon not running
Nov 21 19:52 : exception: Failed to create Avahi client: Daemon not running
Nov 21 19:53 : exception: Failed to create Avahi client: Daemon not running
Nov 21 19:54 : exception: Failed to create Avahi client: Daemon not running
Nov 21 19:55 : exception: Failed to create Avahi client: Daemon not running
Nov 21 19:56 : exception: Failed to create Avahi client: Daemon not running
Nov 21 19:57 : exception: Failed to create Avahi client: Daemon not running
Nov 21 19:58 : exception: Failed to create Avahi client: Daemon not running
Nov 21 19:59 : exception: Failed to create Avahi client: Daemon not running
Nov 21 20:00 : exception: Failed to create Avahi client: Daemon not running
Nov 21 20:01 : player: played "bakara_dosary.mp3"
Nov 21 20:01 : exception: Failed to create Avahi client: Daemon not running
Nov 21 20:04 : exception: Failed to create Avahi client: Daemon not running
Nov 21 20:04 : mixer: Failed to read mixer for 'ALSA': no such mixer control: PCM
Nov 21 20:05 : player: played "bakara_dosary.mp3"
Nov 21 20:05 : exception: Failed to create Avahi client: Daemon not running
Nov 24 23:14 : exception: Failed to create Avahi client: Daemon not running
Nov 24 23:14 : mixer: Failed to read mixer for 'ALSA': no such mixer control: PCM
Nov 24 23:15 : exception: Failed to create Avahi client: Daemon not running
Nov 24 23:16 : exception: Failed to create Avahi client: Daemon not running
Nov 24 23:17 : exception: Failed to create Avahi client: Daemon not running
Nov 24 23:18 : exception: Failed to create Avahi client: Daemon not running
Nov 24 23:19 : player: played "bakara_dosary.mp3"
Nov 24 23:19 : exception: Failed to create Avahi client: Daemon not running
Nov 24 23:20 : exception: Failed to create Avahi client: Daemon not running
Nov 24 23:21 : exception: Failed to create Avahi client: Daemon not running
Nov 24 23:22 : exception: Failed to create Avahi client: Daemon not running
Nov 24 23:23 : exception: Failed to create Avahi client: Daemon not running
Nov 24 23:24 : exception: Failed to create Avahi client: Daemon not running
Nov 24 23:25 : exception: Failed to create Avahi client: Daemon not running
Nov 24 23:26 : exception: Failed to create Avahi client: Daemon not running
Dec 20 22:42 : player: played "bakara_dosary.mp3"
Dec 23 01:30 : player: played "bakara_dosary.mp3"
Dec 23 01:36 : player: played "bakara_dosary.mp3"
Dec 23 01:41 : player: played "bakara_dosary.mp3"
Dec 28 00:32 : mixer: Failed to read mixer for 'ALSA': no such mixer control: PCM
Dec 28 00:33 : player: played "bakara_dosary.mp3"
Dec 28 00:36 : player: played "elnas_abdelbaset.mp3"
Dec 28 00:36 : player: played "elnas_abdelbaset.mp3"
Dec 28 00:37 : player: played "bakara_dosary.mp3"
Dec 28 00:39 : mixer: Failed to read mixer for 'ALSA': no such mixer control: PCM
Dec 28 00:39 : player: played "bakara_dosary.mp3"
ALSA lib pcm_dmix.c:1000:(snd_pcm_dmix_open) unable to open slave
Dec 28 00:40 : exception: Failed to open "ALSA" (alsa); Failed to open ALSA device "default": Device or resource busy
Dec 28 00:41 : exception: Failed to open audio output
ALSA lib pcm_dmix.c:1000:(snd_pcm_dmix_open) unable to open slave
Dec 28 00:41 : exception: Failed to open "ALSA" (alsa); Failed to open ALSA device "default": Device or resource busy
Dec 28 00:41 : exception: Failed to open audio output
ALSA lib pcm_dmix.c:1000:(snd_pcm_dmix_open) unable to open slave
Dec 28 00:41 : exception: Failed to open "ALSA" (alsa); Failed to open ALSA device "default": Device or resource busy
Dec 28 00:41 : exception: Failed to open audio output
ALSA lib pcm_dmix.c:1000:(snd_pcm_dmix_open) unable to open slave
Dec 28 00:41 : exception: Failed to open "ALSA" (alsa); Failed to open ALSA device "default": Device or resource busy
ALSA lib pcm_dmix.c:1000:(snd_pcm_dmix_open) unable to open slave
Dec 28 00:41 : exception: Failed to open "ALSA" (alsa); Failed to open ALSA device "default": Device or resource busy
Dec 28 00:41 : exception: Failed to open audio output
ALSA lib pcm_dmix.c:1000:(snd_pcm_dmix_open) unable to open slave
Dec 28 00:41 : exception: Failed to open "ALSA" (alsa); Failed to open ALSA device "default": Device or resource busy
Dec 28 00:47 : player: played "bakara_dosary.mp3"
Dec 28 00:59 : mixer: Failed to read mixer for 'ALSA': no such mixer control: PCM
Dec 28 01:00 : player: played "bakara_dosary.mp3"
Dec 28 01:02 : player: played "bakara_dosary.mp3"
ALSA lib pcm_dmix.c:1000:(snd_pcm_dmix_open) unable to open slave
Dec 28 01:02 : exception: Failed to open "ALSA" (alsa); Failed to open ALSA device "default": Device or resource busy
Dec 28 01:05 : player: played "bakara_dosary.mp3"
Dec 28 01:07 : player: played "bakara_dosary.mp3"
ALSA lib pcm_dmix.c:1000:(snd_pcm_dmix_open) unable to open slave
Dec 28 01:07 : exception: Failed to open "ALSA" (alsa); Failed to open ALSA device "default": Device or resource busy
Dec 28 01:07 : player: played "elnas_abdelbaset.mp3"
ALSA lib pcm_dmix.c:1000:(snd_pcm_dmix_open) unable to open slave
Dec 28 01:07 : exception: Failed to open "ALSA" (alsa); Failed to open ALSA device "default": Device or resource busy
ALSA lib pcm_dmix.c:1000:(snd_pcm_dmix_open) unable to open slave
Dec 28 01:07 : exception: Failed to open "ALSA" (alsa); Failed to open ALSA device "default": Device or resource busy
Dec 28 01:07 : player: played "elnas_abdelbaset.mp3"
Dec 28 01:12 : player: played "bakara_dosary.mp3"
Dec 28 16:42 : exception: Failed to decode /home/mohamed/audio/bakara_dosary.mp3; Failed to open '/home/mohamed/audio/bakara_dosary.mp3': No such file or directory
Dec 28 16:42 : exception: Failed to decode /home/mohamed/audio/elnas_abdelbaset.mp3; Failed to open '/home/mohamed/audio/elnas_abdelbaset.mp3': No such file or directory
Dec 28 16:42 : player: played "bakara_dosary.mp3"
Dec 28 16:42 : exception: Failed to decode /home/mohamed/audio/elnas_abdelbaset.mp3; Failed to open '/home/mohamed/audio/elnas_abdelbaset.mp3': No such file or directory
Dec 28 16:42 : exception: Failed to decode /home/mohamed/audio/bakara_dosary.mp3; Failed to open '/home/mohamed/audio/bakara_dosary.mp3': No such file or directory
Dec 28 16:42 : player: played "elnas_abdelbaset.mp3"
Dec 28 16:42 : exception: Failed to decode /home/mohamed/audio/bakara_dosary.mp3; Failed to open '/home/mohamed/audio/bakara_dosary.mp3': No such file or directory
Dec 28 16:42 : exception: Failed to decode /home/mohamed/audio/elnas_abdelbaset.mp3; Failed to open '/home/mohamed/audio/elnas_abdelbaset.mp3': No such file or directory
Dec 28 16:42 : player: played "bakara_dosary.mp3"
Dec 28 16:42 : exception: Failed to decode /home/mohamed/audio/elnas_abdelbaset.mp3; Failed to open '/home/mohamed/audio/elnas_abdelbaset.mp3': No such file or directory
Dec 28 16:42 : exception: Failed to decode /home/mohamed/audio/bakara_dosary.mp3; Failed to open '/home/mohamed/audio/bakara_dosary.mp3': No such file or directory
Dec 28 16:42 : player: played "elnas_abdelbaset.mp3"
Dec 28 16:42 : exception: Failed to decode /home/mohamed/audio/bakara_dosary.mp3; Failed to open '/home/mohamed/audio/bakara_dosary.mp3': No such file or directory
Dec 28 16:42 : player: played "bakara_dosary.mp3"
Dec 28 16:42 : exception: Failed to decode /home/mohamed/audio/elnas_abdelbaset.mp3; Failed to open '/home/mohamed/audio/elnas_abdelbaset.mp3': No such file or directory
Dec 28 16:42 : player: played "elnas_abdelbaset.mp3"
Dec 28 16:42 : exception: Failed to decode /home/mohamed/audio/bakara_dosary.mp3; Failed to open '/home/mohamed/audio/bakara_dosary.mp3': No such file or directory
Dec 28 16:42 : exception: Failed to decode /home/mohamed/audio/elnas_abdelbaset.mp3; Failed to open '/home/mohamed/audio/elnas_abdelbaset.mp3': No such file or directory
Dec 28 16:42 : player: played "bakara_dosary.mp3"
Dec 28 16:42 : exception: Failed to decode /home/mohamed/audio/elnas_abdelbaset.mp3; Failed to open '/home/mohamed/audio/elnas_abdelbaset.mp3': No such file or directory
Dec 28 16:42 : player: played "elnas_abdelbaset.mp3"
Dec 28 16:42 : exception: Failed to decode /home/mohamed/audio/bakara_dosary.mp3; Failed to open '/home/mohamed/audio/bakara_dosary.mp3': No such file or directory
Dec 28 16:42 : exception: Failed to decode /home/mohamed/audio/elnas_abdelbaset.mp3; Failed to open '/home/mohamed/audio/elnas_abdelbaset.mp3': No such file or directory
Dec 28 16:42 : player: played "bakara_dosary.mp3"
Dec 28 16:42 : exception: Failed to decode /home/mohamed/audio/elnas_abdelbaset.mp3; Failed to open '/home/mohamed/audio/elnas_abdelbaset.mp3': No such file or directory
Dec 28 16:42 : player: played "elnas_abdelbaset.mp3"
Dec 28 16:42 : exception: Failed to decode /home/mohamed/audio/bakara_dosary.mp3; Failed to open '/home/mohamed/audio/bakara_dosary.mp3': No such file or directory
Dec 28 16:42 : exception: Failed to decode /home/mohamed/audio/elnas_abdelbaset.mp3; Failed to open '/home/mohamed/audio/elnas_abdelbaset.mp3': No such file or directory
Dec 28 16:42 : player: played "bakara_dosary.mp3"
Dec 28 16:42 : exception: Failed to decode /home/mohamed/audio/elnas_abdelbaset.mp3; Failed to open '/home/mohamed/audio/elnas_abdelbaset.mp3': No such file or directory
Dec 28 16:42 : player: played "elnas_abdelbaset.mp3"
Dec 28 16:42 : exception: Failed to decode /home/mohamed/audio/bakara_dosary.mp3; Failed to open '/home/mohamed/audio/bakara_dosary.mp3': No such file or directory
Dec 28 16:42 : exception: Failed to decode /home/mohamed/audio/elnas_abdelbaset.mp3; Failed to open '/home/mohamed/audio/elnas_abdelbaset.mp3': No such file or directory
Dec 28 16:42 : player: played "bakara_dosary.mp3"
Dec 28 16:42 : exception: Failed to decode /home/mohamed/audio/bakara_dosary.mp3; Failed to open '/home/mohamed/audio/bakara_dosary.mp3': No such file or directory
Dec 28 16:42 : player: played "bakara_dosary.mp3"
Dec 28 16:42 : exception: Failed to decode /home/mohamed/audio/elnas_abdelbaset.mp3; Failed to open '/home/mohamed/audio/elnas_abdelbaset.mp3': No such file or directory
Dec 28 16:42 : player: played "elnas_abdelbaset.mp3"
Dec 28 16:42 : exception: Failed to decode /home/mohamed/audio/bakara_dosary.mp3; Failed to open '/home/mohamed/audio/bakara_dosary.mp3': No such file or directory
Dec 28 16:42 : exception: Failed to decode /home/mohamed/audio/elnas_abdelbaset.mp3; Failed to open '/home/mohamed/audio/elnas_abdelbaset.mp3': No such file or directory
Dec 28 16:42 : player: played "bakara_dosary.mp3"
Dec 28 16:42 : exception: Failed to decode /home/mohamed/audio/elnas_abdelbaset.mp3; Failed to open '/home/mohamed/audio/elnas_abdelbaset.mp3': No such file or directory
Dec 28 16:42 : exception: Failed to decode /home/mohamed/audio/bakara_dosary.mp3; Failed to open '/home/mohamed/audio/bakara_dosary.mp3': No such file or directory
Dec 28 16:42 : player: played "elnas_abdelbaset.mp3"
Dec 28 16:42 : exception: Failed to decode /home/mohamed/audio/bakara_dosary.mp3; Failed to open '/home/mohamed/audio/bakara_dosary.mp3': No such file or directory
Dec 28 16:42 : player: played "bakara_dosary.mp3"
Dec 28 16:42 : exception: Failed to decode /home/mohamed/audio/elnas_abdelbaset.mp3; Failed to open '/home/mohamed/audio/elnas_abdelbaset.mp3': No such file or directory
Dec 28 16:42 : player: played "elnas_abdelbaset.mp3"
Dec 28 16:42 : exception: Failed to decode /home/mohamed/audio/bakara_dosary.mp3; Failed to open '/home/mohamed/audio/bakara_dosary.mp3': No such file or directory
Dec 28 16:42 : exception: Failed to decode /home/mohamed/audio/elnas_abdelbaset.mp3; Failed to open '/home/mohamed/audio/elnas_abdelbaset.mp3': No such file or directory
Dec 28 16:42 : player: played "bakara_dosary.mp3"
Dec 28 16:42 : exception: Failed to decode /home/mohamed/audio/elnas_abdelbaset.mp3; Failed to open '/home/mohamed/audio/elnas_abdelbaset.mp3': No such file or directory
Dec 28 16:42 : player: played "elnas_abdelbaset.mp3"
Dec 28 16:43 : player: played "elnas_abdelbaset.mp3"
